Linked: (/unitree/module/Odometer_service/devel/.private/opengv/lib/libopengv.so, /unitree/module/Odometer_service/devel/lib/libopengv.so)
Linked: (/unitree/module/Odometer_service/devel/.private/opengv/lib/librandom_generators.so, /unitree/module/Odometer_service/devel/lib/librandom_generators.so)
Linked: (/unitree/module/Odometer_service/devel/.private/opengv/lib/opengv/test_absolute_pose_sac, /unitree/module/Odometer_service/devel/lib/opengv/test_absolute_pose_sac)
Linked: (/unitree/module/Odometer_service/devel/.private/opengv/lib/opengv/test_noncentral_absolute_pose_sac, /unitree/module/Odometer_service/devel/lib/opengv/test_noncentral_absolute_pose_sac)
Linked: (/unitree/module/Odometer_service/devel/.private/opengv/lib/opengv/test_noncentral_relative_pose_sac, /unitree/module/Odometer_service/devel/lib/opengv/test_noncentral_relative_pose_sac)
Linked: (/unitree/module/Odometer_service/devel/.private/opengv/lib/opengv/test_multi_noncentral_relative_pose_sac, /unitree/module/Odometer_service/devel/lib/opengv/test_multi_noncentral_relative_pose_sac)
Linked: (/unitree/module/Odometer_service/devel/.private/opengv/lib/opengv/test_noncentral_absolute_pose, /unitree/module/Odometer_service/devel/lib/opengv/test_noncentral_absolute_pose)
Linked: (/unitree/module/Odometer_service/devel/.private/opengv/lib/opengv/test_point_cloud, /unitree/module/Odometer_service/devel/lib/opengv/test_point_cloud)
Linked: (/unitree/module/Odometer_service/devel/.private/opengv/lib/opengv/test_eigensolver, /unitree/module/Odometer_service/devel/lib/opengv/test_eigensolver)
Linked: (/unitree/module/Odometer_service/devel/.private/opengv/lib/opengv/test_relative_pose_rotationOnly, /unitree/module/Odometer_service/devel/lib/opengv/test_relative_pose_rotationOnly)
Linked: (/unitree/module/Odometer_service/devel/.private/opengv/lib/opengv/test_relative_pose, /unitree/module/Odometer_service/devel/lib/opengv/test_relative_pose)
Linked: (/unitree/module/Odometer_service/devel/.private/opengv/lib/opengv/test_noncentral_relative_pose, /unitree/module/Odometer_service/devel/lib/opengv/test_noncentral_relative_pose)
Linked: (/unitree/module/Odometer_service/devel/.private/opengv/lib/opengv/test_absolute_pose, /unitree/module/Odometer_service/devel/lib/opengv/test_absolute_pose)
Linked: (/unitree/module/Odometer_service/devel/.private/opengv/lib/opengv/test_relative_pose_sac, /unitree/module/Odometer_service/devel/lib/opengv/test_relative_pose_sac)
Linked: (/unitree/module/Odometer_service/devel/.private/opengv/lib/opengv/test_eigensolver_sac, /unitree/module/Odometer_service/devel/lib/opengv/test_eigensolver_sac)
Linked: (/unitree/module/Odometer_service/devel/.private/opengv/lib/opengv/test_relative_pose_rotationOnly_sac, /unitree/module/Odometer_service/devel/lib/opengv/test_relative_pose_rotationOnly_sac)
Linked: (/unitree/module/Odometer_service/devel/.private/opengv/lib/opengv/test_point_cloud_sac, /unitree/module/Odometer_service/devel/lib/opengv/test_point_cloud_sac)
Linked: (/unitree/module/Odometer_service/devel/.private/opengv/lib/opengv/test_triangulation, /unitree/module/Odometer_service/devel/lib/opengv/test_triangulation)
Linked: (/unitree/module/Odometer_service/devel/.private/opengv/lib/pkgconfig/opengv.pc, /unitree/module/Odometer_service/devel/lib/pkgconfig/opengv.pc)
Linked: (/unitree/module/Odometer_service/devel/.private/opengv/share/opengv/cmake/opengvConfig-version.cmake, /unitree/module/Odometer_service/devel/share/opengv/cmake/opengvConfig-version.cmake)
Linked: (/unitree/module/Odometer_service/devel/.private/opengv/share/opengv/cmake/opengvConfig.cmake, /unitree/module/Odometer_service/devel/share/opengv/cmake/opengvConfig.cmake)
