Performing C++ SOURCE FILE Test CMAKE_HAVE_LIBC_PTHREAD failed with the following output:
Change Dir: /unitree/module/Odometer_service/build/gflags_catkin/gflags_src-prefix/src/gflags_src/CMakeFiles/CMakeTmp

Run Build Command(s):/usr/bin/make cmTC_940ca/fast && make[3]: Entering directory '/unitree/module/Odometer_service/build/gflags_catkin/gflags_src-prefix/src/gflags_src/CMakeFiles/CMakeTmp'
/usr/bin/make -f CMakeFiles/cmTC_940ca.dir/build.make CMakeFiles/cmTC_940ca.dir/build
make[4]: Entering directory '/unitree/module/Odometer_service/build/gflags_catkin/gflags_src-prefix/src/gflags_src/CMakeFiles/CMakeTmp'
Building CXX object CMakeFiles/cmTC_940ca.dir/src.cxx.o
/usr/bin/c++    -DCMAKE_HAVE_LIBC_PTHREAD   -o CMakeFiles/cmTC_940ca.dir/src.cxx.o -c /unitree/module/Odometer_service/build/gflags_catkin/gflags_src-prefix/src/gflags_src/CMakeFiles/CMakeTmp/src.cxx
Linking CXX executable cmTC_940ca
/usr/bin/cmake -E cmake_link_script CMakeFiles/cmTC_940ca.dir/link.txt --verbose=1
/usr/bin/c++   -DCMAKE_HAVE_LIBC_PTHREAD    -rdynamic CMakeFiles/cmTC_940ca.dir/src.cxx.o  -o cmTC_940ca 
/usr/bin/ld: CMakeFiles/cmTC_940ca.dir/src.cxx.o: in function `main':
src.cxx:(.text+0x48): undefined reference to `pthread_create'
/usr/bin/ld: src.cxx:(.text+0x50): undefined reference to `pthread_detach'
/usr/bin/ld: src.cxx:(.text+0x5c): undefined reference to `pthread_join'
collect2: error: ld returned 1 exit status
make[4]: *** [CMakeFiles/cmTC_940ca.dir/build.make:87: cmTC_940ca] Error 1
make[4]: Leaving directory '/unitree/module/Odometer_service/build/gflags_catkin/gflags_src-prefix/src/gflags_src/CMakeFiles/CMakeTmp'
make[3]: *** [Makefile:121: cmTC_940ca/fast] Error 2
make[3]: Leaving directory '/unitree/module/Odometer_service/build/gflags_catkin/gflags_src-prefix/src/gflags_src/CMakeFiles/CMakeTmp'


Source file was:
#include <pthread.h>

void* test_func(void* data)
{
  return data;
}

int main(void)
{
  pthread_t thread;
  pthread_create(&thread, NULL, test_func, NULL);
  pthread_detach(thread);
  pthread_join(thread, NULL);
  pthread_atfork(NULL, NULL, NULL);
  pthread_exit(NULL);

  return 0;
}

Determining if the function pthread_create exists in the pthreads failed with the following output:
Change Dir: /unitree/module/Odometer_service/build/gflags_catkin/gflags_src-prefix/src/gflags_src/CMakeFiles/CMakeTmp

Run Build Command(s):/usr/bin/make cmTC_26b77/fast && make[3]: Entering directory '/unitree/module/Odometer_service/build/gflags_catkin/gflags_src-prefix/src/gflags_src/CMakeFiles/CMakeTmp'
/usr/bin/make -f CMakeFiles/cmTC_26b77.dir/build.make CMakeFiles/cmTC_26b77.dir/build
make[4]: Entering directory '/unitree/module/Odometer_service/build/gflags_catkin/gflags_src-prefix/src/gflags_src/CMakeFiles/CMakeTmp'
Building CXX object CMakeFiles/cmTC_26b77.dir/CheckFunctionExists.cxx.o
/usr/bin/c++    -DCHECK_FUNCTION_EXISTS=pthread_create   -o CMakeFiles/cmTC_26b77.dir/CheckFunctionExists.cxx.o -c /unitree/module/Odometer_service/build/gflags_catkin/gflags_src-prefix/src/gflags_src/CMakeFiles/CheckLibraryExists/CheckFunctionExists.cxx
Linking CXX executable cmTC_26b77
/usr/bin/cmake -E cmake_link_script CMakeFiles/cmTC_26b77.dir/link.txt --verbose=1
/usr/bin/c++   -DCHECK_FUNCTION_EXISTS=pthread_create    -rdynamic CMakeFiles/cmTC_26b77.dir/CheckFunctionExists.cxx.o  -o cmTC_26b77  -lpthreads 
/usr/bin/ld: cannot find -lpthreads
collect2: error: ld returned 1 exit status
make[4]: *** [CMakeFiles/cmTC_26b77.dir/build.make:87: cmTC_26b77] Error 1
make[4]: Leaving directory '/unitree/module/Odometer_service/build/gflags_catkin/gflags_src-prefix/src/gflags_src/CMakeFiles/CMakeTmp'
make[3]: *** [Makefile:121: cmTC_26b77/fast] Error 2
make[3]: Leaving directory '/unitree/module/Odometer_service/build/gflags_catkin/gflags_src-prefix/src/gflags_src/CMakeFiles/CMakeTmp'



