Determining if the function sgemm_ exists failed with the following output:
Change Dir: /unitree/module/Odometer_service/build/ceres_catkin/ceres_src-prefix/src/ceres_src-build/CMakeFiles/CMakeTmp

Run Build Command(s):/usr/bin/make cmTC_17170/fast && make[3]: Entering directory '/unitree/module/Odometer_service/build/ceres_catkin/ceres_src-prefix/src/ceres_src-build/CMakeFiles/CMakeTmp'
/usr/bin/make -f CMakeFiles/cmTC_17170.dir/build.make CMakeFiles/cmTC_17170.dir/build
make[4]: Entering directory '/unitree/module/Odometer_service/build/ceres_catkin/ceres_src-prefix/src/ceres_src-build/CMakeFiles/CMakeTmp'
Building C object CMakeFiles/cmTC_17170.dir/CheckFunctionExists.c.o
/usr/bin/cc   -DCHECK_FUNCTION_EXISTS=sgemm_   -o CMakeFiles/cmTC_17170.dir/CheckFunctionExists.c.o   -c /usr/share/cmake-3.16/Modules/CheckFunctionExists.c
Linking C executable cmTC_17170
/usr/bin/cmake -E cmake_link_script CMakeFiles/cmTC_17170.dir/link.txt --verbose=1
/usr/bin/cc  -DCHECK_FUNCTION_EXISTS=sgemm_    -rdynamic CMakeFiles/cmTC_17170.dir/CheckFunctionExists.c.o  -o cmTC_17170 
/usr/bin/ld: CMakeFiles/cmTC_17170.dir/CheckFunctionExists.c.o: in function `main':
CheckFunctionExists.c:(.text+0x10): undefined reference to `sgemm_'
collect2: error: ld returned 1 exit status
make[4]: *** [CMakeFiles/cmTC_17170.dir/build.make:87: cmTC_17170] Error 1
make[4]: Leaving directory '/unitree/module/Odometer_service/build/ceres_catkin/ceres_src-prefix/src/ceres_src-build/CMakeFiles/CMakeTmp'
make[3]: *** [Makefile:121: cmTC_17170/fast] Error 2
make[3]: Leaving directory '/unitree/module/Odometer_service/build/ceres_catkin/ceres_src-prefix/src/ceres_src-build/CMakeFiles/CMakeTmp'



Performing C SOURCE FILE Test CMAKE_HAVE_LIBC_PTHREAD failed with the following output:
Change Dir: /unitree/module/Odometer_service/build/ceres_catkin/ceres_src-prefix/src/ceres_src-build/CMakeFiles/CMakeTmp

Run Build Command(s):/usr/bin/make cmTC_bb66e/fast && make[3]: Entering directory '/unitree/module/Odometer_service/build/ceres_catkin/ceres_src-prefix/src/ceres_src-build/CMakeFiles/CMakeTmp'
/usr/bin/make -f CMakeFiles/cmTC_bb66e.dir/build.make CMakeFiles/cmTC_bb66e.dir/build
make[4]: Entering directory '/unitree/module/Odometer_service/build/ceres_catkin/ceres_src-prefix/src/ceres_src-build/CMakeFiles/CMakeTmp'
Building C object CMakeFiles/cmTC_bb66e.dir/src.c.o
/usr/bin/cc   -DCMAKE_HAVE_LIBC_PTHREAD   -o CMakeFiles/cmTC_bb66e.dir/src.c.o   -c /unitree/module/Odometer_service/build/ceres_catkin/ceres_src-prefix/src/ceres_src-build/CMakeFiles/CMakeTmp/src.c
Linking C executable cmTC_bb66e
/usr/bin/cmake -E cmake_link_script CMakeFiles/cmTC_bb66e.dir/link.txt --verbose=1
/usr/bin/cc  -DCMAKE_HAVE_LIBC_PTHREAD    -rdynamic CMakeFiles/cmTC_bb66e.dir/src.c.o  -o cmTC_bb66e 
/usr/bin/ld: CMakeFiles/cmTC_bb66e.dir/src.c.o: in function `main':
src.c:(.text+0x48): undefined reference to `pthread_create'
/usr/bin/ld: src.c:(.text+0x50): undefined reference to `pthread_detach'
/usr/bin/ld: src.c:(.text+0x5c): undefined reference to `pthread_join'
collect2: error: ld returned 1 exit status
make[4]: *** [CMakeFiles/cmTC_bb66e.dir/build.make:87: cmTC_bb66e] Error 1
make[4]: Leaving directory '/unitree/module/Odometer_service/build/ceres_catkin/ceres_src-prefix/src/ceres_src-build/CMakeFiles/CMakeTmp'
make[3]: *** [Makefile:121: cmTC_bb66e/fast] Error 2
make[3]: Leaving directory '/unitree/module/Odometer_service/build/ceres_catkin/ceres_src-prefix/src/ceres_src-build/CMakeFiles/CMakeTmp'


Source file was:
#include <pthread.h>

void* test_func(void* data)
{
  return data;
}

int main(void)
{
  pthread_t thread;
  pthread_create(&thread, NULL, test_func, NULL);
  pthread_detach(thread);
  pthread_join(thread, NULL);
  pthread_atfork(NULL, NULL, NULL);
  pthread_exit(NULL);

  return 0;
}

Determining if the function pthread_create exists in the pthreads failed with the following output:
Change Dir: /unitree/module/Odometer_service/build/ceres_catkin/ceres_src-prefix/src/ceres_src-build/CMakeFiles/CMakeTmp

Run Build Command(s):/usr/bin/make cmTC_77471/fast && make[3]: Entering directory '/unitree/module/Odometer_service/build/ceres_catkin/ceres_src-prefix/src/ceres_src-build/CMakeFiles/CMakeTmp'
/usr/bin/make -f CMakeFiles/cmTC_77471.dir/build.make CMakeFiles/cmTC_77471.dir/build
make[4]: Entering directory '/unitree/module/Odometer_service/build/ceres_catkin/ceres_src-prefix/src/ceres_src-build/CMakeFiles/CMakeTmp'
Building C object CMakeFiles/cmTC_77471.dir/CheckFunctionExists.c.o
/usr/bin/cc   -DCHECK_FUNCTION_EXISTS=pthread_create   -o CMakeFiles/cmTC_77471.dir/CheckFunctionExists.c.o   -c /usr/share/cmake-3.16/Modules/CheckFunctionExists.c
Linking C executable cmTC_77471
/usr/bin/cmake -E cmake_link_script CMakeFiles/cmTC_77471.dir/link.txt --verbose=1
/usr/bin/cc  -DCHECK_FUNCTION_EXISTS=pthread_create    -rdynamic CMakeFiles/cmTC_77471.dir/CheckFunctionExists.c.o  -o cmTC_77471  -lpthreads 
/usr/bin/ld: cannot find -lpthreads
collect2: error: ld returned 1 exit status
make[4]: *** [CMakeFiles/cmTC_77471.dir/build.make:87: cmTC_77471] Error 1
make[4]: Leaving directory '/unitree/module/Odometer_service/build/ceres_catkin/ceres_src-prefix/src/ceres_src-build/CMakeFiles/CMakeTmp'
make[3]: *** [Makefile:121: cmTC_77471/fast] Error 2
make[3]: Leaving directory '/unitree/module/Odometer_service/build/ceres_catkin/ceres_src-prefix/src/ceres_src-build/CMakeFiles/CMakeTmp'



